INFO 2025-09-11 15:52:57,965 autoreload 15300 4204 Watching for file changes with StatReloader
INFO 2025-09-11 15:53:31,727 basehttp 15300 15748 "GET /api/redoc/ HTTP/1.1" 200 730
INFO 2025-09-11 15:53:32,966 basehttp 15300 15748 "GET /api/schema/ HTTP/1.1" 200 78874
INFO 2025-09-11 15:53:46,711 basehttp 15300 15748 "GET /api/docs/ HTTP/1.1" 200 4912
INFO 2025-09-11 15:53:47,102 basehttp 15300 15748 "GET /api/schema/ HTTP/1.1" 200 163945
WARNING 2025-09-11 15:54:28,125 log 15300 15748 Unauthorized: /api/v1/users/profile/stats/
WARNING 2025-09-11 15:54:28,127 basehttp 15300 15748 "GET /api/v1/users/profile/stats/ HTTP/1.1" 401 58
WARNING 2025-09-11 15:57:18,420 log 15300 15748 Bad Request: /api/v1/users/register/
WARNING 2025-09-11 15:57:18,423 basehttp 15300 15748 "POST /api/v1/users/register/ HTTP/1.1" 400 145
INFO 2025-09-11 15:58:02,176 basehttp 15300 15748 "GET /api/schema/ HTTP/1.1" 200 78874
INFO 2025-09-11 16:00:36,105 basehttp 15300 7908 "GET /api/redoc/ HTTP/1.1" 200 730
INFO 2025-09-11 16:00:36,853 basehttp 15300 7908 "GET /api/schema/ HTTP/1.1" 200 78874
INFO 2025-09-11 19:37:54,634 basehttp 15300 14220 "GET /api/docs/ HTTP/1.1" 200 4912
INFO 2025-09-11 19:37:54,871 basehttp 15300 14220 "GET /api/schema/ HTTP/1.1" 200 163945
INFO 2025-09-12 15:14:46,387 basehttp 15300 15804 "GET /api/docs/ HTTP/1.1" 200 4912
INFO 2025-09-12 15:14:46,792 basehttp 15300 15804 "GET /api/schema/ HTTP/1.1" 200 163945
INFO 2025-09-12 15:16:38,321 autoreload 15300 4204 C:\Users\konem\projets\Emunie-Maket\EmunieBack\EmunieBack\urls.py changed, reloading.
INFO 2025-09-12 15:16:50,947 autoreload 2532 2656 Watching for file changes with StatReloader
INFO 2025-09-12 15:16:59,632 autoreload 2532 2656 C:\Users\konem\projets\Emunie-Maket\EmunieBack\EmunieBack\urls.py changed, reloading.
INFO 2025-09-12 15:17:00,523 autoreload 20644 1192 Watching for file changes with StatReloader
INFO 2025-09-12 15:17:03,260 autoreload 20644 1192 C:\Users\konem\projets\Emunie-Maket\EmunieBack\EmunieBack\urls.py changed, reloading.
INFO 2025-09-12 15:17:03,920 autoreload 20548 18500 Watching for file changes with StatReloader
INFO 2025-09-12 15:17:14,282 autoreload 20548 18500 C:\Users\konem\projets\Emunie-Maket\EmunieBack\EmunieBack\urls.py changed, reloading.
INFO 2025-09-12 15:17:15,093 autoreload 13868 20640 Watching for file changes with StatReloader
INFO 2025-09-12 15:17:20,476 basehttp 13868 17716 "GET /api/docs/ HTTP/1.1" 200 4912
INFO 2025-09-12 15:17:20,987 basehttp 13868 17716 "GET /api/schema/ HTTP/1.1" 200 163945
INFO 2025-09-12 15:17:27,274 basehttp 13868 17716 "GET /api/docs/ HTTP/1.1" 200 4912
INFO 2025-09-12 15:17:27,549 basehttp 13868 17716 "GET /api/schema/ HTTP/1.1" 200 163945
INFO 2025-09-12 15:17:43,642 autoreload 13868 20640 C:\Users\konem\projets\Emunie-Maket\EmunieBack\EmunieBack\urls.py changed, reloading.
INFO 2025-09-12 15:17:44,474 autoreload 3968 8332 Watching for file changes with StatReloader
INFO 2025-09-12 15:17:46,084 autoreload 3968 8332 C:\Users\konem\projets\Emunie-Maket\EmunieBack\EmunieBack\urls.py changed, reloading.
INFO 2025-09-12 15:17:46,808 autoreload 20768 20320 Watching for file changes with StatReloader
INFO 2025-09-12 15:18:02,440 basehttp 20768 6284 "GET /api/docs/ HTTP/1.1" 200 4912
INFO 2025-09-12 15:18:02,759 basehttp 20768 6284 "GET /api/schema/ HTTP/1.1" 200 163945
INFO 2025-09-12 15:19:30,896 autoreload 20768 20320 C:\Users\konem\projets\Emunie-Maket\EmunieBack\EmunieBack\urls.py changed, reloading.
INFO 2025-09-12 15:19:31,903 autoreload 16244 1304 Watching for file changes with StatReloader
INFO 2025-09-12 15:19:36,692 autoreload 16244 1304 C:\Users\konem\projets\Emunie-Maket\EmunieBack\EmunieBack\urls.py changed, reloading.
INFO 2025-09-12 15:19:37,352 autoreload 11136 18104 Watching for file changes with StatReloader
INFO 2025-09-12 15:19:39,941 autoreload 11136 18104 C:\Users\konem\projets\Emunie-Maket\EmunieBack\EmunieBack\urls.py changed, reloading.
INFO 2025-09-12 15:19:40,602 autoreload 10860 18820 Watching for file changes with StatReloader
INFO 2025-09-12 15:19:46,436 autoreload 10860 18820 C:\Users\konem\projets\Emunie-Maket\EmunieBack\EmunieBack\urls.py changed, reloading.
INFO 2025-09-12 15:19:47,085 autoreload 1596 12696 Watching for file changes with StatReloader
INFO 2025-09-12 15:19:48,644 autoreload 1596 12696 C:\Users\konem\projets\Emunie-Maket\EmunieBack\EmunieBack\urls.py changed, reloading.
INFO 2025-09-12 15:19:49,286 autoreload 3444 19436 Watching for file changes with StatReloader
INFO 2025-09-12 15:19:50,870 autoreload 3444 19436 C:\Users\konem\projets\Emunie-Maket\EmunieBack\EmunieBack\urls.py changed, reloading.
INFO 2025-09-12 15:19:51,547 autoreload 17876 7880 Watching for file changes with StatReloader
INFO 2025-09-12 15:19:57,448 autoreload 17876 7880 C:\Users\konem\projets\Emunie-Maket\EmunieBack\EmunieBack\urls.py changed, reloading.
INFO 2025-09-12 15:19:58,093 autoreload 7300 14072 Watching for file changes with StatReloader
INFO 2025-09-12 15:20:00,706 autoreload 7300 14072 C:\Users\konem\projets\Emunie-Maket\EmunieBack\EmunieBack\urls.py changed, reloading.
INFO 2025-09-12 15:20:01,430 autoreload 19420 12052 Watching for file changes with StatReloader
INFO 2025-09-12 15:20:04,052 autoreload 19420 12052 C:\Users\konem\projets\Emunie-Maket\EmunieBack\EmunieBack\urls.py changed, reloading.
INFO 2025-09-12 15:20:04,793 autoreload 8548 21060 Watching for file changes with StatReloader
INFO 2025-09-12 15:20:27,110 autoreload 8548 21060 C:\Users\konem\projets\Emunie-Maket\EmunieBack\EmunieBack\urls.py changed, reloading.
INFO 2025-09-12 15:20:27,954 autoreload 18416 19432 Watching for file changes with StatReloader
INFO 2025-09-12 15:20:36,228 basehttp 18416 18936 "GET /api/docs/ HTTP/1.1" 200 4912
INFO 2025-09-12 15:20:36,429 basehttp 18416 18936 "GET /api/schema/ HTTP/1.1" 200 163945
INFO 2025-09-12 15:20:58,392 autoreload 18416 19432 C:\Users\konem\projets\Emunie-Maket\EmunieBack\EmunieBack\urls.py changed, reloading.
INFO 2025-09-12 15:20:59,100 autoreload 18420 1232 Watching for file changes with StatReloader
INFO 2025-09-12 15:21:03,863 autoreload 18420 1232 C:\Users\konem\projets\Emunie-Maket\EmunieBack\EmunieBack\urls.py changed, reloading.
INFO 2025-09-12 15:21:04,514 autoreload 9980 16464 Watching for file changes with StatReloader
INFO 2025-10-12 13:10:16,463 autoreload 26665 8437539008 Watching for file changes with StatReloader
INFO 2025-10-12 13:13:20,093 autoreload 26693 8437539008 Watching for file changes with StatReloader
INFO 2025-10-12 13:16:35,400 autoreload 26746 8437539008 Watching for file changes with StatReloader
INFO 2025-10-12 13:22:26,658 autoreload 26814 8437539008 Watching for file changes with StatReloader
INFO 2025-10-12 21:12:47,818 autoreload 44339 8437539008 Watching for file changes with StatReloader
INFO 2025-10-12 21:13:42,853 autoreload 44386 8437539008 Watching for file changes with StatReloader
INFO 2025-10-12 21:14:32,811 autoreload 44452 8437539008 Watching for file changes with StatReloader
INFO 2025-10-12 21:18:59,452 autoreload 44466 8437539008 Watching for file changes with StatReloader
INFO 2025-10-12 21:22:00,120 autoreload 44497 8437539008 Watching for file changes with StatReloader
INFO 2025-10-12 21:26:25,157 autoreload 44544 8437539008 Watching for file changes with StatReloader
INFO 2025-10-12 21:27:34,948 autoreload 44584 8437539008 Watching for file changes with StatReloader
INFO 2025-10-12 21:28:28,678 autoreload 44616 8437539008 Watching for file changes with StatReloader
INFO 2025-10-12 21:29:44,759 autoreload 44645 8437539008 Watching for file changes with StatReloader
INFO 2025-10-12 21:30:31,806 autoreload 44681 8437539008 Watching for file changes with StatReloader
INFO 2025-10-12 21:31:33,187 autoreload 44734 8437539008 Watching for file changes with StatReloader
INFO 2025-10-12 21:33:41,146 autoreload 44804 8437539008 Watching for file changes with StatReloader
INFO 2025-10-12 21:34:48,419 autoreload 44841 8437539008 Watching for file changes with StatReloader
INFO 2025-10-12 21:37:28,736 autoreload 44856 8437539008 Watching for file changes with StatReloader
INFO 2025-10-12 21:38:18,573 autoreload 44886 8437539008 Watching for file changes with StatReloader
INFO 2025-10-12 21:39:07,647 basehttp 44886 6202748928 "GET / HTTP/1.1" 200 4912
INFO 2025-10-12 21:39:08,451 basehttp 44886 6202748928 "GET / HTTP/1.1" 200 4912
WARNING 2025-10-12 21:39:10,478 log 44886 6219575296 Not Found: /apple-touch-icon-precomposed.png
WARNING 2025-10-12 21:39:10,479 basehttp 44886 6219575296 "GET /apple-touch-icon-precomposed.png HTTP/1.1" 404 3883
INFO 2025-10-12 21:39:10,535 basehttp 44886 6202748928 "GET /api/schema/ HTTP/1.1" 200 163945
WARNING 2025-10-12 21:39:10,562 log 44886 6219575296 Not Found: /apple-touch-icon.png
WARNING 2025-10-12 21:39:10,563 basehttp 44886 6219575296 "GET /apple-touch-icon.png HTTP/1.1" 404 3847
INFO 2025-10-12 21:43:07,175 basehttp 44886 6202748928 "OPTIONS /api/user/register/ HTTP/1.1" 200 0
INFO 2025-10-12 21:43:39,245 basehttp 44886 6202748928 "OPTIONS /api/user/register/ HTTP/1.1" 200 0
INFO 2025-10-12 21:43:53,718 basehttp 44886 6202748928 "OPTIONS /api/user/register/ HTTP/1.1" 200 0
INFO 2025-10-12 21:43:54,535 basehttp 44886 6202748928 "OPTIONS /api/user/register/ HTTP/1.1" 200 0
INFO 2025-10-12 21:44:02,789 basehttp 44886 6202748928 "OPTIONS /api/user/register/ HTTP/1.1" 200 0
INFO 2025-10-12 21:44:03,274 basehttp 44886 6202748928 "OPTIONS /api/user/register/ HTTP/1.1" 200 0
INFO 2025-10-12 21:44:04,041 basehttp 44886 6202748928 "OPTIONS /api/user/register/ HTTP/1.1" 200 0
INFO 2025-10-13 14:17:34,637 autoreload 46030 8437539008 Watching for file changes with StatReloader
INFO 2025-10-13 14:18:40,591 basehttp 46030 6158102528 "OPTIONS /api/user/register/ HTTP/1.1" 200 0
INFO 2025-10-13 14:19:17,463 basehttp 46030 6158102528 "OPTIONS /api/user/login/ HTTP/1.1" 200 0
INFO 2025-10-13 14:23:29,275 autoreload 46071 8437539008 Watching for file changes with StatReloader
INFO 2025-10-13 14:23:57,418 basehttp 46071 6166687744 "GET / HTTP/1.1" 200 4912
INFO 2025-10-13 14:23:57,591 basehttp 46071 6166687744 "GET /api/schema/ HTTP/1.1" 200 163945
INFO 2025-10-13 14:23:59,404 basehttp 46071 6166687744 "GET / HTTP/1.1" 200 4912
INFO 2025-10-13 14:23:59,487 basehttp 46071 6166687744 "GET /api/schema/ HTTP/1.1" 200 163945
INFO 2025-10-13 14:24:03,427 basehttp 46071 6166687744 "GET / HTTP/1.1" 200 4912
INFO 2025-10-13 14:24:03,509 basehttp 46071 6166687744 "GET /api/schema/ HTTP/1.1" 200 163945
INFO 2025-10-13 14:24:05,193 basehttp 46071 6166687744 "GET /admin/ HTTP/1.1" 302 0
INFO 2025-10-13 14:24:05,216 basehttp 46071 6166687744 "GET /admin/login/?next=/admin/ HTTP/1.1" 200 4224
INFO 2025-10-13 14:24:05,249 basehttp 46071 6183514112 "GET /static/admin/css/dark_mode.css HTTP/1.1" 200 2808
INFO 2025-10-13 14:24:05,250 basehttp 46071 6166687744 "GET /static/admin/css/base.css HTTP/1.1" 200 22120
INFO 2025-10-13 14:24:05,250 basehttp 46071 6200340480 "GET /static/admin/js/theme.js HTTP/1.1" 200 1653
INFO 2025-10-13 14:24:05,250 basehttp 46071 6250819584 "GET /static/admin/css/login.css HTTP/1.1" 200 951
INFO 2025-10-13 14:24:05,250 basehttp 46071 6233993216 "GET /static/admin/js/nav_sidebar.js HTTP/1.1" 200 3063
INFO 2025-10-13 14:24:05,251 basehttp 46071 6217166848 "GET /static/admin/css/nav_sidebar.css HTTP/1.1" 200 2810
INFO 2025-10-13 14:24:05,251 basehttp 46071 6183514112 "GET /static/admin/css/responsive.css HTTP/1.1" 200 16565
WARNING 2025-10-13 14:24:05,262 log 46071 6166687744 Not Found: /favicon.ico
WARNING 2025-10-13 14:24:05,262 basehttp 46071 6166687744 "GET /favicon.ico HTTP/1.1" 404 3820
INFO 2025-10-13 14:24:08,957 basehttp 46071 6233993216 "GET /admin/ HTTP/1.1" 302 0
INFO 2025-10-13 14:24:08,966 basehttp 46071 6217166848 "GET /admin/login/?next=/admin/ HTTP/1.1" 200 4224
INFO 2025-10-13 14:24:29,719 basehttp 46071 6183514112 "POST /admin/login/?next=/admin/ HTTP/1.1" 200 4479
INFO 2025-10-13 14:24:44,027 basehttp 46071 6183514112 "POST /admin/login/?next=/admin/ HTTP/1.1" 302 0
INFO 2025-10-13 14:24:44,044 basehttp 46071 6183514112 "GET /admin/ HTTP/1.1" 200 21715
INFO 2025-10-13 14:24:44,050 basehttp 46071 6183514112 "GET /static/admin/css/dashboard.css HTTP/1.1" 200 441
INFO 2025-10-13 14:24:44,057 basehttp 46071 6183514112 "GET /static/admin/img/icon-addlink.svg HTTP/1.1" 200 331
INFO 2025-10-13 14:24:44,058 basehttp 46071 6166687744 "GET /static/admin/img/icon-changelink.svg HTTP/1.1" 200 380
INFO 2025-10-13 14:25:07,026 basehttp 46071 6166687744 "GET /admin/user/emailverification/ HTTP/1.1" 200 21599
INFO 2025-10-13 14:25:07,035 basehttp 46071 6183514112 "GET /static/admin/css/changelists.css HTTP/1.1" 200 6878
INFO 2025-10-13 14:25:07,043 basehttp 46071 6217166848 "GET /static/admin/js/jquery.init.js HTTP/1.1" 200 347
INFO 2025-10-13 14:25:07,044 basehttp 46071 6183514112 "GET /static/admin/js/actions.js HTTP/1.1" 200 8076
INFO 2025-10-13 14:25:07,044 basehttp 46071 6166687744 "GET /admin/jsi18n/ HTTP/1.1" 200 8634
INFO 2025-10-13 14:25:07,045 basehttp 46071 6250819584 "GET /static/admin/js/admin/RelatedObjectLookups.js HTTP/1.1" 200 9777
INFO 2025-10-13 14:25:07,046 basehttp 46071 6233993216 "GET /static/admin/js/core.js HTTP/1.1" 200 6208
INFO 2025-10-13 14:25:07,048 basehttp 46071 6183514112 "GET /static/admin/js/prepopulate.js HTTP/1.1" 200 1531
INFO 2025-10-13 14:25:07,048 basehttp 46071 6217166848 "GET /static/admin/js/urlify.js HTTP/1.1" 200 7887
INFO 2025-10-13 14:25:07,048 basehttp 46071 6233993216 "GET /static/admin/js/filters.js HTTP/1.1" 200 978
INFO 2025-10-13 14:25:07,051 basehttp 46071 6200340480 "GET /static/admin/js/vendor/jquery/jquery.js HTTP/1.1" 200 285314
INFO 2025-10-13 14:25:07,053 basehttp 46071 6250819584 "GET /static/admin/img/search.svg HTTP/1.1" 200 458
INFO 2025-10-13 14:25:07,054 basehttp 46071 6166687744 "GET /static/admin/js/vendor/xregexp/xregexp.js HTTP/1.1" 200 325171
INFO 2025-10-13 14:25:07,077 basehttp 46071 6217166848 "GET /static/admin/img/tooltag-add.svg HTTP/1.1" 200 331
INFO 2025-10-13 14:25:07,077 basehttp 46071 6183514112 "GET /static/admin/img/icon-viewlink.svg HTTP/1.1" 200 581
INFO 2025-10-13 14:25:13,185 basehttp 46071 6200340480 "GET /admin/user/customuser/ HTTP/1.1" 200 25954
INFO 2025-10-13 14:25:13,195 basehttp 46071 6166687744 "GET /static/admin/img/icon-no.svg HTTP/1.1" 200 560
INFO 2025-10-13 14:25:13,198 basehttp 46071 6217166848 "GET /static/admin/img/icon-yes.svg HTTP/1.1" 200 436
INFO 2025-10-13 14:25:13,199 basehttp 46071 6250819584 "GET /admin/jsi18n/ HTTP/1.1" 200 8634
INFO 2025-10-13 14:25:13,216 basehttp 46071 6183514112 "GET /static/admin/img/sorting-icons.svg HTTP/1.1" 200 1097
INFO 2025-10-13 14:25:28,880 basehttp 46071 6200340480 "GET /admin/user/userrating/ HTTP/1.1" 200 20626
INFO 2025-10-13 14:25:28,895 basehttp 46071 6166687744 "GET /admin/jsi18n/ HTTP/1.1" 200 8634
INFO 2025-10-13 14:25:31,342 basehttp 46071 6250819584 "GET /admin/produit/category/ HTTP/1.1" 200 20342
INFO 2025-10-13 14:25:31,353 basehttp 46071 6183514112 "GET /static/admin/css/forms.css HTTP/1.1" 200 8525
INFO 2025-10-13 14:25:31,357 basehttp 46071 6233993216 "GET /admin/jsi18n/ HTTP/1.1" 200 8634
INFO 2025-10-13 14:25:31,357 basehttp 46071 6200340480 "GET /static/admin/css/widgets.css HTTP/1.1" 200 11973
INFO 2025-10-13 14:25:37,115 basehttp 46071 6217166848 "GET /admin/produit/ad/ HTTP/1.1" 200 23364
INFO 2025-10-13 14:25:37,129 basehttp 46071 6250819584 "GET /admin/jsi18n/ HTTP/1.1" 200 8634
INFO 2025-10-13 14:25:45,447 basehttp 46071 6233993216 "GET /admin/user/customuser/ HTTP/1.1" 200 25954
INFO 2025-10-13 14:25:45,460 basehttp 46071 6200340480 "GET /admin/jsi18n/ HTTP/1.1" 200 8634
INFO 2025-10-13 14:26:28,978 basehttp 46071 6166687744 "GET /admin/user/customuser/ HTTP/1.1" 200 25954
INFO 2025-10-13 14:26:28,986 basehttp 46071 6183514112 "GET /admin/jsi18n/ HTTP/1.1" 200 8634
INFO 2025-10-13 14:27:57,961 basehttp 46071 6183514112 "GET /admin/user/userrating/ HTTP/1.1" 200 20626
INFO 2025-10-13 14:27:57,978 basehttp 46071 6183514112 "GET /admin/jsi18n/ HTTP/1.1" 200 8634
INFO 2025-10-13 14:28:01,258 basehttp 46071 6183514112 "GET /admin/user/customuser/ HTTP/1.1" 200 25954
INFO 2025-10-13 14:28:01,264 basehttp 46071 6200340480 "GET /admin/jsi18n/ HTTP/1.1" 200 8634
INFO 2025-10-14 19:58:09,237 autoreload 47709 8437539008 Watching for file changes with StatReloader
INFO 2025-10-14 19:58:14,146 basehttp 47709 6194098176 "GET /admin/user/customuser/ HTTP/1.1" 200 25954
INFO 2025-10-14 19:58:14,167 basehttp 47709 6194098176 "GET /admin/jsi18n/ HTTP/1.1" 200 8634
INFO 2025-10-14 19:58:14,169 basehttp 47709 6210924544 "GET /static/admin/css/base.css HTTP/1.1" 304 0
INFO 2025-10-14 19:58:14,170 basehttp 47709 6194098176 "GET /static/admin/css/nav_sidebar.css HTTP/1.1" 304 0
INFO 2025-10-14 19:58:14,170 basehttp 47709 6227750912 "GET /static/admin/css/dark_mode.css HTTP/1.1" 304 0
INFO 2025-10-14 19:58:14,171 basehttp 47709 6244577280 "GET /static/admin/js/theme.js HTTP/1.1" 304 0
INFO 2025-10-14 19:58:14,171 basehttp 47709 6278230016 "GET /static/admin/css/changelists.css HTTP/1.1" 304 0
INFO 2025-10-14 19:58:14,171 basehttp 47709 6261403648 "GET /static/admin/js/nav_sidebar.js HTTP/1.1" 304 0
INFO 2025-10-14 19:58:14,171 basehttp 47709 6210924544 "GET /static/admin/js/vendor/jquery/jquery.js HTTP/1.1" 304 0
INFO 2025-10-14 19:58:14,172 basehttp 47709 6227750912 "GET /static/admin/js/jquery.init.js HTTP/1.1" 304 0
INFO 2025-10-14 19:58:14,172 basehttp 47709 6194098176 "GET /static/admin/js/core.js HTTP/1.1" 304 0
INFO 2025-10-14 19:58:14,172 basehttp 47709 6278230016 "GET /static/admin/js/urlify.js HTTP/1.1" 304 0
INFO 2025-10-14 19:58:14,173 basehttp 47709 6244577280 "GET /static/admin/js/admin/RelatedObjectLookups.js HTTP/1.1" 304 0
INFO 2025-10-14 19:58:14,173 basehttp 47709 6261403648 "GET /static/admin/js/actions.js HTTP/1.1" 304 0
INFO 2025-10-14 19:58:14,173 basehttp 47709 6227750912 "GET /static/admin/js/vendor/xregexp/xregexp.js HTTP/1.1" 304 0
INFO 2025-10-14 19:58:14,174 basehttp 47709 6210924544 "GET /static/admin/js/prepopulate.js HTTP/1.1" 304 0
INFO 2025-10-14 19:58:14,174 basehttp 47709 6278230016 "GET /static/admin/css/responsive.css HTTP/1.1" 304 0
INFO 2025-10-14 19:58:14,174 basehttp 47709 6194098176 "GET /static/admin/js/filters.js HTTP/1.1" 304 0
INFO 2025-10-14 19:58:14,174 basehttp 47709 6244577280 "GET /static/admin/img/search.svg HTTP/1.1" 304 0
INFO 2025-10-14 19:58:14,174 basehttp 47709 6227750912 "GET /static/admin/img/icon-yes.svg HTTP/1.1" 304 0
INFO 2025-10-14 19:58:14,174 basehttp 47709 6261403648 "GET /static/admin/img/icon-no.svg HTTP/1.1" 304 0
INFO 2025-10-14 19:58:14,198 basehttp 47709 6210924544 "GET /static/admin/img/icon-addlink.svg HTTP/1.1" 304 0
INFO 2025-10-14 19:58:14,199 basehttp 47709 6194098176 "GET /static/admin/img/tooltag-add.svg HTTP/1.1" 304 0
INFO 2025-10-14 19:58:14,199 basehttp 47709 6278230016 "GET /static/admin/img/sorting-icons.svg HTTP/1.1" 304 0
INFO 2025-10-14 19:58:14,200 basehttp 47709 6244577280 "GET /static/admin/img/icon-viewlink.svg HTTP/1.1" 304 0
INFO 2025-10-14 20:18:05,724 autoreload 47709 8437539008 /Users/memouekone/projets/Emunie-Maket/EmunieBack/user/models.py changed, reloading.
INFO 2025-10-14 20:18:06,116 autoreload 47798 8437539008 Watching for file changes with StatReloader
INFO 2025-10-14 20:19:18,544 autoreload 47798 8437539008 /Users/memouekone/projets/Emunie-Maket/EmunieBack/produit/models.py changed, reloading.
INFO 2025-10-14 20:19:18,974 autoreload 47837 8437539008 Watching for file changes with StatReloader
INFO 2025-10-14 20:19:51,542 autoreload 47837 8437539008 /Users/memouekone/projets/Emunie-Maket/EmunieBack/user/serializers.py changed, reloading.
INFO 2025-10-14 20:19:51,886 autoreload 47874 8437539008 Watching for file changes with StatReloader
INFO 2025-10-14 20:20:11,878 autoreload 47874 8437539008 /Users/memouekone/projets/Emunie-Maket/EmunieBack/produit/serializers.py changed, reloading.
INFO 2025-10-14 20:20:12,128 autoreload 47902 8437539008 Watching for file changes with StatReloader
INFO 2025-10-14 20:20:30,955 autoreload 47902 8437539008 /Users/memouekone/projets/Emunie-Maket/EmunieBack/produit/views.py changed, reloading.
INFO 2025-10-14 20:20:31,229 autoreload 47925 8437539008 Watching for file changes with StatReloader
INFO 2025-10-14 20:20:51,223 autoreload 47925 8437539008 /Users/memouekone/projets/Emunie-Maket/EmunieBack/produit/urls.py changed, reloading.
INFO 2025-10-14 20:20:51,477 autoreload 47953 8437539008 Watching for file changes with StatReloader
INFO 2025-10-14 20:21:30,325 autoreload 47953 8437539008 /Users/memouekone/projets/Emunie-Maket/EmunieBack/produit/admin.py changed, reloading.
INFO 2025-10-14 20:21:30,570 autoreload 47989 8437539008 Watching for file changes with StatReloader
INFO 2025-10-14 20:23:19,433 autoreload 48052 8437539008 Watching for file changes with StatReloader
INFO 2025-10-14 20:23:28,165 basehttp 48052 6125219840 "GET / HTTP/1.1" 200 4912
INFO 2025-10-14 20:23:28,333 basehttp 48052 6125219840 "GET /api/schema/ HTTP/1.1" 200 168709
INFO 2025-10-14 20:24:08,226 basehttp 48052 6125219840 "GET / HTTP/1.1" 200 4912
INFO 2025-10-14 20:24:08,371 basehttp 48052 6125219840 "GET /api/schema/ HTTP/1.1" 200 168709
WARNING 2025-10-14 20:24:38,212 log 48052 6125219840 Bad Request: /api/v2/ads/favorites/toggle/
WARNING 2025-10-14 20:24:38,213 basehttp 48052 6125219840 "POST /api/v2/ads/favorites/toggle/ HTTP/1.1" 400 24
INFO 2025-10-14 20:27:30,407 basehttp 48052 6125219840 "GET /admin/user/customuser/ HTTP/1.1" 200 25102
INFO 2025-10-14 20:27:30,418 basehttp 48052 6125219840 "GET /admin/jsi18n/ HTTP/1.1" 200 8634
INFO 2025-10-14 20:27:31,819 basehttp 48052 6125219840 "GET /admin/user/customuser/ HTTP/1.1" 200 25102
INFO 2025-10-14 20:27:31,833 basehttp 48052 6125219840 "GET /admin/jsi18n/ HTTP/1.1" 200 8634
INFO 2025-10-14 20:27:54,444 basehttp 48052 6125219840 "GET /admin/monetisation/usersubscription/ HTTP/1.1" 200 21154
INFO 2025-10-14 20:27:54,458 basehttp 48052 6125219840 "GET /admin/jsi18n/ HTTP/1.1" 200 8634
INFO 2025-10-14 20:27:58,480 basehttp 48052 6125219840 "GET /admin/monetisation/transaction/ HTTP/1.1" 200 21899
INFO 2025-10-14 20:27:58,493 basehttp 48052 6125219840 "GET /admin/jsi18n/ HTTP/1.1" 200 8634
INFO 2025-10-14 20:28:03,465 basehttp 48052 6125219840 "GET /admin/produit/adimage/ HTTP/1.1" 200 20308
INFO 2025-10-14 20:28:03,476 basehttp 48052 6142046208 "GET /static/admin/css/forms.css HTTP/1.1" 304 0
INFO 2025-10-14 20:28:03,479 basehttp 48052 6125219840 "GET /admin/jsi18n/ HTTP/1.1" 200 8634
INFO 2025-10-14 20:28:03,480 basehttp 48052 6142046208 "GET /static/admin/css/widgets.css HTTP/1.1" 304 0
INFO 2025-10-14 20:28:15,503 basehttp 48052 6142046208 "GET /admin/produit/favorite/ HTTP/1.1" 200 19577
INFO 2025-10-14 20:28:15,518 basehttp 48052 6125219840 "GET /admin/jsi18n/ HTTP/1.1" 200 8634
INFO 2025-10-14 20:28:17,017 basehttp 48052 6125219840 "GET /admin/produit/advertisement/ HTTP/1.1" 200 21479
INFO 2025-10-14 20:28:17,030 basehttp 48052 6142046208 "GET /admin/jsi18n/ HTTP/1.1" 200 8634
INFO 2025-10-14 21:54:29,484 autoreload 48611 8437539008 Watching for file changes with StatReloader
WARNING 2025-10-14 21:54:36,340 log 48611 6124253184 Not Found: /api/user/register/
WARNING 2025-10-14 21:54:36,340 basehttp 48611 6124253184 "POST /api/user/register/ HTTP/1.1" 404 3842
WARNING 2025-10-14 22:22:20,964 log 48611 6124253184 Not Found: /api/user/register/
WARNING 2025-10-14 22:22:20,965 basehttp 48611 6124253184 "POST /api/user/register/ HTTP/1.1" 404 3842
INFO 2025-10-14 22:28:42,349 autoreload 48611 8437539008 /Users/memouekone/projets/Emunie-Maket/EmunieBack/EmunieBack/settings.py changed, reloading.
INFO 2025-10-14 22:28:42,729 autoreload 48792 8437539008 Watching for file changes with StatReloader
INFO 2025-10-14 22:34:12,930 autoreload 48792 8437539008 /Users/memouekone/projets/Emunie-Maket/EmunieBack/EmunieBack/urls.py changed, reloading.
INFO 2025-10-14 22:34:13,313 autoreload 48921 8437539008 Watching for file changes with StatReloader
INFO 2025-10-14 22:38:20,797 autoreload 48997 8437539008 Watching for file changes with StatReloader
INFO 2025-10-14 22:39:54,536 autoreload 49016 8437539008 Watching for file changes with StatReloader
WARNING 2025-10-14 22:41:20,687 log 49016 6128676864 Bad Request: /api/user/register/
WARNING 2025-10-14 22:41:20,688 basehttp 49016 6128676864 "POST /api/user/register/ HTTP/1.1" 400 97
INFO 2025-10-14 22:41:58,357 basehttp 49016 6128676864 "POST /api/user/register/ HTTP/1.1" 201 76
INFO 2025-10-14 22:42:12,069 basehttp 49016 6145503232 "GET /admin/user/customuser/ HTTP/1.1" 200 26951
INFO 2025-10-14 22:42:12,084 basehttp 49016 6145503232 "GET /admin/jsi18n/ HTTP/1.1" 200 8634
INFO 2025-10-14 22:42:38,734 basehttp 49016 6128676864 "OPTIONS /api/auth/login/ HTTP/1.1" 200 0
WARNING 2025-10-14 22:42:38,967 log 49016 6128676864 Unauthorized: /api/auth/login/
WARNING 2025-10-14 22:42:38,968 basehttp 49016 6128676864 "POST /api/auth/login/ HTTP/1.1" 401 56
INFO 2025-10-14 22:43:27,020 basehttp 49016 6128676864 "POST /api/auth/login/ HTTP/1.1" 200 540
INFO 2025-10-14 23:18:38,274 basehttp 49016 6128676864 "OPTIONS /api/auth/login/ HTTP/1.1" 200 0
INFO 2025-10-14 23:18:38,514 basehttp 49016 6128676864 "POST /api/auth/login/ HTTP/1.1" 200 540
INFO 2025-10-19 10:14:41,801 autoreload 59914 8437539008 Watching for file changes with StatReloader
INFO 2025-10-19 10:16:04,866 autoreload 59990 8437539008 Watching for file changes with StatReloader
INFO 2025-10-19 12:11:35,747 basehttp 59990 6159544320 "OPTIONS /api/auth/login/ HTTP/1.1" 200 0
INFO 2025-10-19 12:11:35,994 basehttp 59990 6159544320 "POST /api/auth/login/ HTTP/1.1" 200 514
INFO 2025-10-19 12:13:47,062 basehttp 59990 6159544320 "POST /api/auth/login/ HTTP/1.1" 200 514
INFO 2025-10-19 16:30:46,167 basehttp 59990 6159544320 "GET / HTTP/1.1" 200 4912
WARNING 2025-10-19 16:30:48,401 log 59990 13304360960 Not Found: /apple-touch-icon-precomposed.png
WARNING 2025-10-19 16:30:48,402 basehttp 59990 13304360960 "GET /apple-touch-icon-precomposed.png HTTP/1.1" 404 4501
INFO 2025-10-19 16:30:48,456 basehttp 59990 6159544320 "GET /api/schema/ HTTP/1.1" 200 249772
WARNING 2025-10-19 16:30:48,493 log 59990 13304360960 Not Found: /apple-touch-icon.png
WARNING 2025-10-19 16:30:48,493 basehttp 59990 13304360960 "GET /apple-touch-icon.png HTTP/1.1" 404 4465
INFO 2025-10-19 20:29:08,811 autoreload 62265 8437539008 Watching for file changes with StatReloader
INFO 2025-10-20 22:30:32,044 autoreload 65389 8437539008 Watching for file changes with StatReloader
INFO 2025-10-20 22:30:36,576 basehttp 65389 6189559808 "OPTIONS /api/auth/login/ HTTP/1.1" 200 0
WARNING 2025-10-20 22:30:36,810 log 65389 6189559808 Unauthorized: /api/auth/login/
WARNING 2025-10-20 22:30:36,811 basehttp 65389 6189559808 "POST /api/auth/login/ HTTP/1.1" 401 56
WARNING 2025-10-20 22:30:39,523 log 65389 6189559808 Unauthorized: /api/auth/login/
WARNING 2025-10-20 22:30:39,523 basehttp 65389 6189559808 "POST /api/auth/login/ HTTP/1.1" 401 56
INFO 2025-10-20 22:30:52,695 basehttp 65389 6189559808 "POST /api/auth/login/ HTTP/1.1" 200 514
INFO 2025-10-20 23:19:09,868 basehttp 65389 13035925504 "GET / HTTP/1.1" 200 4912
INFO 2025-10-20 23:19:10,064 basehttp 65389 13035925504 "GET /api/schema/ HTTP/1.1" 200 249772
INFO 2025-10-20 23:24:37,307 autoreload 65389 8437539008 /Users/memouekone/projets/Emunie-Maket/EmunieBack/EmunieBack/urls.py changed, reloading.
INFO 2025-10-20 23:24:37,710 autoreload 65836 8437539008 Watching for file changes with StatReloader
INFO 2025-10-20 23:24:44,666 basehttp 65836 6124564480 "GET / HTTP/1.1" 200 4912
INFO 2025-10-20 23:24:44,821 basehttp 65836 6124564480 "GET /api/schema/ HTTP/1.1" 200 174540
WARNING 2025-10-20 23:25:08,374 log 65836 6124564480 Bad Request: /api/auth/login/
WARNING 2025-10-20 23:25:08,374 basehttp 65836 6124564480 "POST /api/auth/login/ HTTP/1.1" 400 53
INFO 2025-10-20 23:27:01,670 autoreload 65836 8437539008 /Users/memouekone/projets/Emunie-Maket/EmunieBack/EmunieBack/urls.py changed, reloading.
INFO 2025-10-20 23:27:02,043 autoreload 65864 8437539008 Watching for file changes with StatReloader
INFO 2025-10-20 23:27:08,328 basehttp 65864 6170488832 "GET / HTTP/1.1" 200 4912
INFO 2025-10-20 23:27:08,493 basehttp 65864 6170488832 "GET /api/schema/ HTTP/1.1" 200 249772
INFO 2025-10-20 23:28:21,942 autoreload 65864 8437539008 /Users/memouekone/projets/Emunie-Maket/EmunieBack/EmunieBack/urls.py changed, reloading.
INFO 2025-10-20 23:28:22,334 autoreload 65891 8437539008 Watching for file changes with StatReloader
INFO 2025-10-20 23:28:24,177 basehttp 65891 6194507776 "GET / HTTP/1.1" 200 4912
INFO 2025-10-20 23:28:24,286 basehttp 65891 6194507776 "GET /api/schema/ HTTP/1.1" 200 174540
WARNING 2025-10-20 23:28:34,301 log 65891 6194507776 Bad Request: /api/auth/login/
WARNING 2025-10-20 23:28:34,301 basehttp 65891 6194507776 "POST /api/auth/login/ HTTP/1.1" 400 53
INFO 2025-10-20 23:29:55,568 basehttp 65891 6194507776 "OPTIONS /api/auth/login/ HTTP/1.1" 200 0
INFO 2025-10-20 23:29:55,807 basehttp 65891 6194507776 "POST /api/auth/login/ HTTP/1.1" 200 514
INFO 2025-10-21 09:45:23,503 autoreload 66977 8437539008 Watching for file changes with StatReloader
INFO 2025-10-21 09:45:42,136 basehttp 66977 6134018048 "OPTIONS /api/auth/login/ HTTP/1.1" 200 0
WARNING 2025-10-21 09:45:42,368 log 66977 6134018048 Unauthorized: /api/auth/login/
WARNING 2025-10-21 09:45:42,368 basehttp 66977 6134018048 "POST /api/auth/login/ HTTP/1.1" 401 56
WARNING 2025-10-21 09:45:45,577 log 66977 6134018048 Unauthorized: /api/auth/login/
WARNING 2025-10-21 09:45:45,577 basehttp 66977 6134018048 "POST /api/auth/login/ HTTP/1.1" 401 56
INFO 2025-10-21 09:46:20,691 basehttp 66977 6134018048 "POST /api/auth/login/ HTTP/1.1" 200 514
INFO 2025-10-21 09:52:07,314 basehttp 66977 6134018048 "POST /api/auth/login/ HTTP/1.1" 200 514
INFO 2025-10-21 10:05:41,714 basehttp 66977 6134018048 "OPTIONS /api/auth/login/ HTTP/1.1" 200 0
INFO 2025-10-21 10:05:41,940 basehttp 66977 6134018048 "POST /api/auth/login/ HTTP/1.1" 200 514
INFO 2025-10-21 10:57:04,981 basehttp 66977 6134018048 "OPTIONS /api/auth/login/ HTTP/1.1" 200 0
INFO 2025-10-21 10:57:05,216 basehttp 66977 6134018048 "POST /api/auth/login/ HTTP/1.1" 200 514
INFO 2025-10-21 10:57:07,826 basehttp 66977 6134018048 "OPTIONS /produit/categories/ HTTP/1.1" 200 0
INFO 2025-10-21 10:57:07,829 basehttp 66977 6150844416 "OPTIONS /produit/cities/ HTTP/1.1" 200 0
WARNING 2025-10-21 10:57:07,839 log 66977 6134018048 Not Found: /produit/categories/
WARNING 2025-10-21 10:57:07,844 log 66977 6150844416 Not Found: /produit/cities/
WARNING 2025-10-21 10:57:07,844 basehttp 66977 6134018048 "GET /produit/categories/ HTTP/1.1" 404 4012
WARNING 2025-10-21 10:57:07,844 basehttp 66977 6150844416 "GET /produit/cities/ HTTP/1.1" 404 4000
WARNING 2025-10-21 11:14:49,762 log 66977 6134018048 Not Found: /produit/categories/
WARNING 2025-10-21 11:14:49,766 log 66977 6150844416 Not Found: /produit/cities/
WARNING 2025-10-21 11:14:49,766 basehttp 66977 6134018048 "GET /produit/categories/ HTTP/1.1" 404 4012
WARNING 2025-10-21 11:14:49,766 basehttp 66977 6150844416 "GET /produit/cities/ HTTP/1.1" 404 4000
INFO 2025-10-21 11:18:43,534 basehttp 66977 6134018048 "OPTIONS /api/auth/login/ HTTP/1.1" 200 0
INFO 2025-10-21 11:18:43,781 basehttp 66977 6134018048 "POST /api/auth/login/ HTTP/1.1" 200 514
INFO 2025-10-21 11:19:50,656 basehttp 66977 6150844416 "OPTIONS /produit/cities/ HTTP/1.1" 200 0
INFO 2025-10-21 11:19:50,656 basehttp 66977 6134018048 "OPTIONS /produit/categories/ HTTP/1.1" 200 0
WARNING 2025-10-21 11:19:50,667 log 66977 6150844416 Not Found: /produit/cities/
WARNING 2025-10-21 11:19:50,670 log 66977 6134018048 Not Found: /produit/categories/
WARNING 2025-10-21 11:19:50,671 basehttp 66977 6150844416 "GET /produit/cities/ HTTP/1.1" 404 4000
WARNING 2025-10-21 11:19:50,671 basehttp 66977 6134018048 "GET /produit/categories/ HTTP/1.1" 404 4012
INFO 2025-10-21 23:56:36,247 basehttp 66977 6134018048 "OPTIONS /api/produit/categories/ HTTP/1.1" 200 0
INFO 2025-10-21 23:56:36,247 basehttp 66977 6150844416 "OPTIONS /api/produit/cities/ HTTP/1.1" 200 0
INFO 2025-10-21 23:56:36,265 basehttp 66977 6134018048 "GET /api/produit/categories/ HTTP/1.1" 200 635
INFO 2025-10-21 23:56:36,265 basehttp 66977 6150844416 "GET /api/produit/cities/ HTTP/1.1" 200 825
INFO 2025-10-22 00:00:11,293 basehttp 66977 6134018048 "GET /api/produit/categories/ HTTP/1.1" 200 635
INFO 2025-10-22 00:00:11,293 basehttp 66977 6150844416 "GET /api/produit/cities/ HTTP/1.1" 200 825
INFO 2025-10-22 00:03:00,453 basehttp 66977 6134018048 "OPTIONS /api/produit/ads/create/ HTTP/1.1" 200 0
INFO 2025-10-22 00:03:00,495 basehttp 66977 6134018048 "POST /api/produit/ads/create/ HTTP/1.1" 201 330
WARNING 2025-10-22 00:03:12,385 log 66977 6150844416 Not Found: /apple-touch-icon-precomposed.png
WARNING 2025-10-22 00:03:12,390 log 66977 6167670784 Not Found: /apple-touch-icon.png
WARNING 2025-10-22 00:03:12,394 log 66977 13304360960 Not Found: /favicon.ico
WARNING 2025-10-22 00:03:12,394 basehttp 66977 6150844416 "GET /apple-touch-icon-precomposed.png HTTP/1.1" 404 4051
WARNING 2025-10-22 00:03:12,394 basehttp 66977 6167670784 "GET /apple-touch-icon.png HTTP/1.1" 404 4015
WARNING 2025-10-22 00:03:12,395 basehttp 66977 13304360960 "GET /favicon.ico HTTP/1.1" 404 3988
INFO 2025-10-22 00:03:16,798 basehttp 66977 6150844416 "GET / HTTP/1.1" 200 4912
INFO 2025-10-22 00:03:17,113 basehttp 66977 6150844416 "GET / HTTP/1.1" 200 4912
INFO 2025-10-22 00:03:18,171 basehttp 66977 6150844416 "GET /api/schema/ HTTP/1.1" 200 174540
INFO 2025-10-22 00:03:22,118 basehttp 66977 6150844416 "GET / HTTP/1.1" 200 4912
INFO 2025-10-22 00:03:22,211 basehttp 66977 6150844416 "GET /api/schema/ HTTP/1.1" 200 174540
INFO 2025-10-22 00:03:22,559 basehttp 66977 6150844416 "GET / HTTP/1.1" 200 4912
INFO 2025-10-22 00:03:22,617 basehttp 66977 6150844416 "GET /api/schema/ HTTP/1.1" 200 174540
INFO 2025-10-22 00:03:23,843 basehttp 66977 6150844416 "GET /admin/user/customuser/ HTTP/1.1" 200 26951
INFO 2025-10-22 00:03:23,866 basehttp 66977 6150844416 "GET /static/admin/css/base.css HTTP/1.1" 200 22120
INFO 2025-10-22 00:03:23,868 basehttp 66977 13321187328 "GET /static/admin/css/dark_mode.css HTTP/1.1" 200 2808
INFO 2025-10-22 00:03:23,869 basehttp 66977 13354840064 "GET /static/admin/js/nav_sidebar.js HTTP/1.1" 200 3063
INFO 2025-10-22 00:03:23,869 basehttp 66977 13338013696 "GET /static/admin/css/nav_sidebar.css HTTP/1.1" 200 2810
INFO 2025-10-22 00:03:23,869 basehttp 66977 13388492800 "GET /static/admin/js/jquery.init.js HTTP/1.1" 200 347
INFO 2025-10-22 00:03:23,869 basehttp 66977 6150844416 "GET /static/admin/js/core.js HTTP/1.1" 200 6208
INFO 2025-10-22 00:03:23,871 basehttp 66977 13354840064 "GET /static/admin/js/prepopulate.js HTTP/1.1" 200 1531
INFO 2025-10-22 00:03:23,871 basehttp 66977 13321187328 "GET /static/admin/js/actions.js HTTP/1.1" 200 8076
INFO 2025-10-22 00:03:23,872 basehttp 66977 13338013696 "GET /static/admin/js/urlify.js HTTP/1.1" 200 7887
INFO 2025-10-22 00:03:23,872 basehttp 66977 13388492800 "GET /static/admin/css/responsive.css HTTP/1.1" 200 16565
INFO 2025-10-22 00:03:23,872 basehttp 66977 13354840064 "GET /static/admin/css/changelists.css HTTP/1.1" 304 0
INFO 2025-10-22 00:03:23,873 basehttp 66977 13321187328 "GET /static/admin/js/theme.js HTTP/1.1" 304 0
INFO 2025-10-22 00:03:23,873 basehttp 66977 13338013696 "GET /static/admin/js/admin/RelatedObjectLookups.js HTTP/1.1" 304 0
INFO 2025-10-22 00:03:23,873 basehttp 66977 13388492800 "GET /static/admin/js/filters.js HTTP/1.1" 304 0
INFO 2025-10-22 00:03:23,873 basehttp 66977 13354840064 "GET /static/admin/js/vendor/jquery/jquery.js HTTP/1.1" 304 0
INFO 2025-10-22 00:03:23,876 basehttp 66977 13371666432 "GET /admin/jsi18n/ HTTP/1.1" 200 8634
INFO 2025-10-22 00:03:23,878 basehttp 66977 6150844416 "GET /static/admin/js/vendor/xregexp/xregexp.js HTTP/1.1" 200 325171
INFO 2025-10-22 00:03:23,878 basehttp 66977 13321187328 "GET /static/admin/img/search.svg HTTP/1.1" 200 458
INFO 2025-10-22 00:03:23,878 basehttp 66977 13338013696 "GET /static/admin/img/icon-no.svg HTTP/1.1" 200 560
INFO 2025-10-22 00:03:23,879 basehttp 66977 13388492800 "GET /static/admin/img/icon-yes.svg HTTP/1.1" 200 436
INFO 2025-10-22 00:03:23,906 basehttp 66977 13354840064 "GET /static/admin/img/icon-addlink.svg HTTP/1.1" 200 331
INFO 2025-10-22 00:03:23,907 basehttp 66977 13371666432 "GET /static/admin/img/tooltag-add.svg HTTP/1.1" 200 331
INFO 2025-10-22 00:03:23,907 basehttp 66977 6150844416 "GET /static/admin/img/sorting-icons.svg HTTP/1.1" 304 0
INFO 2025-10-22 00:03:23,909 basehttp 66977 13321187328 "GET /static/admin/img/icon-viewlink.svg HTTP/1.1" 200 581
WARNING 2025-10-22 00:03:23,923 log 66977 13338013696 Not Found: /favicon.ico
WARNING 2025-10-22 00:03:23,923 basehttp 66977 13338013696 "GET /favicon.ico HTTP/1.1" 404 3988
INFO 2025-10-22 00:03:25,289 basehttp 66977 13371666432 "GET /admin/ HTTP/1.1" 200 21666
INFO 2025-10-22 00:03:25,336 basehttp 66977 6150844416 "GET /static/admin/css/dashboard.css HTTP/1.1" 304 0
INFO 2025-10-22 00:03:25,346 basehttp 66977 13321187328 "GET /static/admin/img/icon-changelink.svg HTTP/1.1" 200 380
INFO 2025-10-22 00:03:25,790 basehttp 66977 13354840064 "GET /admin/ HTTP/1.1" 200 21666
INFO 2025-10-22 00:03:34,655 basehttp 66977 6150844416 "GET /admin/produit/adimage/ HTTP/1.1" 200 21299
INFO 2025-10-22 00:03:34,667 basehttp 66977 13321187328 "GET /static/admin/css/forms.css HTTP/1.1" 200 8525
INFO 2025-10-22 00:03:34,671 basehttp 66977 13338013696 "GET /admin/jsi18n/ HTTP/1.1" 200 8634
INFO 2025-10-22 00:03:34,671 basehttp 66977 13388492800 "GET /static/admin/css/widgets.css HTTP/1.1" 200 11973
INFO 2025-10-22 00:03:40,778 basehttp 66977 13371666432 "GET /admin/produit/adview/ HTTP/1.1" 200 20559
INFO 2025-10-22 00:03:40,793 basehttp 66977 6150844416 "GET /admin/jsi18n/ HTTP/1.1" 200 8634
INFO 2025-10-22 00:03:48,054 basehttp 66977 13388492800 "GET /admin/produit/ad/ HTTP/1.1" 200 30744
INFO 2025-10-22 00:03:48,061 basehttp 66977 13338013696 "GET /admin/jsi18n/ HTTP/1.1" 200 8634
INFO 2025-10-22 00:04:25,478 basehttp 66977 6134018048 "GET /admin/monetisation/revenue/ HTTP/1.1" 200 19884
INFO 2025-10-22 00:04:27,099 basehttp 66977 6134018048 "GET /admin/monetisation/transaction/ HTTP/1.1" 200 22890
INFO 2025-10-22 00:04:27,112 basehttp 66977 6134018048 "GET /admin/jsi18n/ HTTP/1.1" 200 8634
INFO 2025-10-22 00:04:30,319 basehttp 66977 6134018048 "GET /admin/produit/adimage/ HTTP/1.1" 200 21299
INFO 2025-10-22 00:04:30,337 basehttp 66977 6134018048 "GET /admin/jsi18n/ HTTP/1.1" 200 8634
INFO 2025-10-22 00:04:33,006 basehttp 66977 6134018048 "GET /admin/produit/adreport/ HTTP/1.1" 200 21474
INFO 2025-10-22 00:04:33,018 basehttp 66977 6134018048 "GET /admin/jsi18n/ HTTP/1.1" 200 8634
INFO 2025-10-22 00:04:36,288 basehttp 66977 6134018048 "GET /admin/produit/advideo/ HTTP/1.1" 200 20566
INFO 2025-10-22 00:04:36,302 basehttp 66977 6134018048 "GET /admin/jsi18n/ HTTP/1.1" 200 8634
INFO 2025-10-22 00:04:39,508 basehttp 66977 6134018048 "GET /admin/produit/adview/ HTTP/1.1" 200 20559
INFO 2025-10-22 00:04:39,520 basehttp 66977 6134018048 "GET /admin/jsi18n/ HTTP/1.1" 200 8634
INFO 2025-10-22 00:04:43,569 basehttp 66977 6134018048 "GET /admin/produit/ad/ HTTP/1.1" 200 30744
INFO 2025-10-22 00:04:43,582 basehttp 66977 6134018048 "GET /admin/jsi18n/ HTTP/1.1" 200 8634
INFO 2025-10-22 00:04:46,119 basehttp 66977 6134018048 "GET /admin/produit/favorite/ HTTP/1.1" 200 20568
INFO 2025-10-22 00:04:46,134 basehttp 66977 6134018048 "GET /admin/jsi18n/ HTTP/1.1" 200 8634
INFO 2025-10-22 00:04:49,299 basehttp 66977 6134018048 "GET /admin/produit/advertisement/ HTTP/1.1" 200 22470
INFO 2025-10-22 00:04:49,315 basehttp 66977 6134018048 "GET /admin/jsi18n/ HTTP/1.1" 200 8634
INFO 2025-10-22 00:05:49,873 basehttp 66977 6150844416 "GET /api/produit/cities/ HTTP/1.1" 200 825
INFO 2025-10-22 00:05:49,874 basehttp 66977 6134018048 "GET /api/produit/categories/ HTTP/1.1" 200 635
INFO 2025-10-22 00:07:41,490 basehttp 66977 6134018048 "OPTIONS /api/produit/categories/ HTTP/1.1" 200 0
INFO 2025-10-22 00:07:41,490 basehttp 66977 6150844416 "OPTIONS /api/produit/cities/ HTTP/1.1" 200 0
INFO 2025-10-22 00:07:41,499 basehttp 66977 6134018048 "GET /api/produit/categories/ HTTP/1.1" 200 635
INFO 2025-10-22 00:07:41,499 basehttp 66977 6150844416 "GET /api/produit/cities/ HTTP/1.1" 200 825
INFO 2025-10-22 00:08:21,128 basehttp 66977 6134018048 "GET /api/produit/categories/ HTTP/1.1" 200 635
INFO 2025-10-22 00:08:21,128 basehttp 66977 6150844416 "GET /api/produit/cities/ HTTP/1.1" 200 825
INFO 2025-10-22 00:10:49,191 basehttp 66977 6134018048 "GET /api/produit/categories/ HTTP/1.1" 200 635
INFO 2025-10-22 00:10:49,192 basehttp 66977 6150844416 "GET /api/produit/cities/ HTTP/1.1" 200 825
INFO 2025-10-22 00:11:03,916 basehttp 66977 6134018048 "GET /api/produit/categories/ HTTP/1.1" 200 635
INFO 2025-10-22 00:11:03,916 basehttp 66977 6150844416 "GET /api/produit/cities/ HTTP/1.1" 200 825
INFO 2025-10-22 00:11:31,723 basehttp 66977 6134018048 "GET /api/produit/categories/ HTTP/1.1" 200 635
INFO 2025-10-22 00:11:31,723 basehttp 66977 6150844416 "GET /api/produit/cities/ HTTP/1.1" 200 825
INFO 2025-10-22 00:15:55,038 basehttp 66977 6150844416 "GET /api/produit/cities/ HTTP/1.1" 200 825
INFO 2025-10-22 00:15:55,039 basehttp 66977 6134018048 "GET /api/produit/categories/ HTTP/1.1" 200 635
INFO 2025-10-22 00:16:48,813 basehttp 66977 6150844416 "GET /api/produit/cities/ HTTP/1.1" 200 825
INFO 2025-10-22 00:16:48,813 basehttp 66977 6134018048 "GET /api/produit/categories/ HTTP/1.1" 200 635
INFO 2025-10-22 00:19:32,088 basehttp 66977 6134018048 "GET /admin/produit/advertisement/ HTTP/1.1" 200 22470
INFO 2025-10-22 00:19:32,091 basehttp 66977 6150844416 "GET /admin/jsi18n/ HTTP/1.1" 200 8634
INFO 2025-10-22 00:19:37,191 basehttp 66977 6150844416 "GET /admin/monetisation/revenue/ HTTP/1.1" 200 19884
INFO 2025-10-22 00:19:40,990 basehttp 66977 6150844416 "GET /admin/authtoken/tokenproxy/ HTTP/1.1" 200 20704
INFO 2025-10-22 00:20:00,141 basehttp 66977 6150844416 "GET /admin/auth/group/ HTTP/1.1" 200 19362
INFO 2025-10-22 00:20:00,155 basehttp 66977 6134018048 "GET /admin/jsi18n/ HTTP/1.1" 200 8634
INFO 2025-10-22 00:20:02,712 basehttp 66977 6134018048 "GET /admin/authtoken/tokenproxy/ HTTP/1.1" 200 20704
INFO 2025-10-22 00:20:06,069 basehttp 66977 6134018048 "GET /admin/monetisation/adboost/ HTTP/1.1" 200 21479
INFO 2025-10-22 00:20:06,084 basehttp 66977 6150844416 "GET /admin/jsi18n/ HTTP/1.1" 200 8634
INFO 2025-10-22 00:20:10,924 basehttp 66977 6150844416 "GET /admin/monetisation/adboost/add/ HTTP/1.1" 200 29047
INFO 2025-10-22 00:20:10,939 basehttp 66977 6150844416 "GET /static/admin/js/calendar.js HTTP/1.1" 200 9141
INFO 2025-10-22 00:20:10,939 basehttp 66977 13321187328 "GET /static/admin/js/prepopulate_init.js HTTP/1.1" 200 586
INFO 2025-10-22 00:20:10,939 basehttp 66977 13304360960 "GET /static/admin/js/change_form.js HTTP/1.1" 200 606
INFO 2025-10-22 00:20:10,941 basehttp 66977 6167670784 "GET /static/admin/js/admin/DateTimeShortcuts.js HTTP/1.1" 200 19319
INFO 2025-10-22 00:20:10,941 basehttp 66977 6134018048 "GET /admin/jsi18n/ HTTP/1.1" 200 8634
INFO 2025-10-22 00:20:10,959 basehttp 66977 13304360960 "GET /static/admin/img/icon-clock.svg HTTP/1.1" 200 677
INFO 2025-10-22 00:20:10,960 basehttp 66977 6150844416 "GET /static/admin/img/icon-calendar.svg HTTP/1.1" 200 1086
INFO 2025-10-22 00:20:48,163 basehttp 66977 6134018048 "GET /admin/monetisation/couponusage/ HTTP/1.1" 200 20943
INFO 2025-10-22 00:20:48,174 basehttp 66977 6134018048 "GET /admin/jsi18n/ HTTP/1.1" 200 8634
INFO 2025-10-22 00:20:51,343 basehttp 66977 6134018048 "GET /admin/monetisation/couponusage/add/ HTTP/1.1" 200 22732
INFO 2025-10-22 00:20:51,355 basehttp 66977 6134018048 "GET /admin/jsi18n/ HTTP/1.1" 200 8634
INFO 2025-10-22 00:20:57,668 basehttp 66977 6134018048 "GET /admin/monetisation/coupon/add/ HTTP/1.1" 200 31783
INFO 2025-10-22 00:20:57,675 basehttp 66977 6167670784 "GET /static/admin/js/SelectBox.js HTTP/1.1" 200 4530
INFO 2025-10-22 00:20:57,675 basehttp 66977 13304360960 "GET /static/admin/js/SelectFilter2.js HTTP/1.1" 200 15845
INFO 2025-10-22 00:20:57,678 basehttp 66977 6134018048 "GET /admin/jsi18n/ HTTP/1.1" 200 8634
INFO 2025-10-22 00:20:57,705 basehttp 66977 6167670784 "GET /static/admin/img/selector-icons.svg HTTP/1.1" 200 3291
INFO 2025-10-22 00:21:11,975 basehttp 66977 6134018048 "GET /admin/monetisation/package/add/ HTTP/1.1" 200 27964
INFO 2025-10-22 00:21:11,992 basehttp 66977 6167670784 "GET /admin/jsi18n/ HTTP/1.1" 200 8634
INFO 2025-10-22 00:21:15,186 basehttp 66977 6134018048 "GET /admin/monetisation/paymentmethod/add/ HTTP/1.1" 200 25840
INFO 2025-10-22 00:21:15,201 basehttp 66977 6167670784 "GET /admin/jsi18n/ HTTP/1.1" 200 8634
INFO 2025-10-22 00:21:26,027 basehttp 66977 6134018048 "GET /admin/monetisation/transaction/add/ HTTP/1.1" 200 34365
INFO 2025-10-22 00:21:26,043 basehttp 66977 6167670784 "GET /admin/jsi18n/ HTTP/1.1" 200 8634
INFO 2025-10-22 00:21:30,321 basehttp 66977 6134018048 "GET /admin/monetisation/usersubscription/add/ HTTP/1.1" 200 27142
INFO 2025-10-22 00:21:30,337 basehttp 66977 6167670784 "GET /admin/jsi18n/ HTTP/1.1" 200 8634
INFO 2025-10-22 00:21:35,658 basehttp 66977 6134018048 "GET /admin/produit/adimage/ HTTP/1.1" 200 21299
INFO 2025-10-22 00:21:35,677 basehttp 66977 6167670784 "GET /admin/jsi18n/ HTTP/1.1" 200 8634
INFO 2025-10-22 00:21:38,834 basehttp 66977 6134018048 "GET /admin/produit/adreport/ HTTP/1.1" 200 21474
INFO 2025-10-22 00:21:38,847 basehttp 66977 6167670784 "GET /admin/jsi18n/ HTTP/1.1" 200 8634
INFO 2025-10-22 00:26:44,576 basehttp 66977 6134018048 "OPTIONS /api/produit/categories/ HTTP/1.1" 200 0
INFO 2025-10-22 00:26:44,577 basehttp 66977 6150844416 "OPTIONS /api/produit/cities/ HTTP/1.1" 200 0
INFO 2025-10-22 00:26:44,602 basehttp 66977 6150844416 "GET /api/produit/cities/ HTTP/1.1" 200 825
INFO 2025-10-22 00:26:44,602 basehttp 66977 6134018048 "GET /api/produit/categories/ HTTP/1.1" 200 635
INFO 2025-10-22 00:27:21,230 basehttp 66977 6150844416 "GET /api/produit/cities/ HTTP/1.1" 200 825
INFO 2025-10-22 00:27:21,231 basehttp 66977 6134018048 "GET /api/produit/categories/ HTTP/1.1" 200 635
INFO 2025-10-22 00:27:31,876 basehttp 66977 6134018048 "GET /api/produit/cities/ HTTP/1.1" 200 825
INFO 2025-10-22 00:27:31,876 basehttp 66977 6150844416 "GET /api/produit/categories/ HTTP/1.1" 200 635
INFO 2025-10-22 00:28:07,851 basehttp 66977 6134018048 "GET /admin/produit/adimage/add/ HTTP/1.1" 200 22330
INFO 2025-10-22 00:28:07,874 basehttp 66977 6134018048 "GET /admin/jsi18n/ HTTP/1.1" 200 8634
INFO 2025-10-22 00:28:23,052 basehttp 66977 6134018048 "GET /admin/produit/adreport/ HTTP/1.1" 200 21474
INFO 2025-10-22 00:28:23,060 basehttp 66977 6150844416 "GET /admin/jsi18n/ HTTP/1.1" 200 8634
INFO 2025-10-22 00:28:27,550 basehttp 66977 6150844416 "GET /admin/produit/adreport/add/ HTTP/1.1" 200 24982
INFO 2025-10-22 00:28:27,569 basehttp 66977 6134018048 "GET /admin/jsi18n/ HTTP/1.1" 200 8634
INFO 2025-10-22 00:28:43,564 basehttp 66977 6134018048 "GET /admin/produit/adview/ HTTP/1.1" 200 20559
INFO 2025-10-22 00:28:43,576 basehttp 66977 6150844416 "GET /admin/jsi18n/ HTTP/1.1" 200 8634
INFO 2025-10-22 00:28:46,876 basehttp 66977 6150844416 "GET /admin/produit/ad/ HTTP/1.1" 200 30744
INFO 2025-10-22 00:28:46,889 basehttp 66977 6134018048 "GET /admin/jsi18n/ HTTP/1.1" 200 8634
INFO 2025-10-22 00:29:28,886 basehttp 66977 6134018048 "GET /admin/produit/ad/?o=12.-11 HTTP/1.1" 200 32113
INFO 2025-10-22 00:29:28,901 basehttp 66977 6134018048 "GET /admin/jsi18n/ HTTP/1.1" 200 8634
INFO 2025-10-22 00:30:02,294 basehttp 66977 6134018048 "GET /admin/produit/favorite/ HTTP/1.1" 200 20568
INFO 2025-10-22 00:30:02,304 basehttp 66977 6134018048 "GET /admin/jsi18n/ HTTP/1.1" 200 8634
INFO 2025-10-22 00:36:18,560 basehttp 66977 6150844416 "GET /api/produit/categories/ HTTP/1.1" 200 635
INFO 2025-10-22 00:36:18,560 basehttp 66977 6167670784 "GET /api/produit/cities/ HTTP/1.1" 200 825
INFO 2025-10-22 00:37:43,555 basehttp 66977 6150844416 "OPTIONS /api/produit/categories/ HTTP/1.1" 200 0
INFO 2025-10-22 00:37:43,556 basehttp 66977 6167670784 "OPTIONS /api/produit/cities/ HTTP/1.1" 200 0
INFO 2025-10-22 00:37:43,582 basehttp 66977 6150844416 "GET /api/produit/categories/ HTTP/1.1" 200 635
INFO 2025-10-22 00:37:43,582 basehttp 66977 6167670784 "GET /api/produit/cities/ HTTP/1.1" 200 825
INFO 2025-10-22 00:37:49,389 basehttp 66977 6167670784 "GET /api/produit/categories/ HTTP/1.1" 200 635
INFO 2025-10-22 00:37:49,389 basehttp 66977 6150844416 "GET /api/produit/cities/ HTTP/1.1" 200 825
INFO 2025-10-22 00:40:23,259 basehttp 66977 6167670784 "GET /api/produit/cities/ HTTP/1.1" 200 825
INFO 2025-10-22 00:40:23,260 basehttp 66977 6150844416 "GET /api/produit/categories/ HTTP/1.1" 200 635
INFO 2025-10-22 00:41:45,590 basehttp 66977 6134018048 "GET /api/produit/categories/ HTTP/1.1" 200 635
INFO 2025-10-22 00:41:45,591 basehttp 66977 6150844416 "GET /api/produit/cities/ HTTP/1.1" 200 825
INFO 2025-10-22 00:42:22,968 basehttp 66977 6150844416 "GET /api/produit/cities/ HTTP/1.1" 200 825
INFO 2025-10-22 00:42:22,969 basehttp 66977 6134018048 "GET /api/produit/categories/ HTTP/1.1" 200 635
INFO 2025-10-22 00:44:45,219 basehttp 66977 6150844416 "GET /api/produit/cities/ HTTP/1.1" 200 825
INFO 2025-10-22 00:44:45,219 basehttp 66977 6134018048 "GET /api/produit/categories/ HTTP/1.1" 200 635
INFO 2025-10-22 00:45:06,016 basehttp 66977 6150844416 "GET /api/produit/cities/ HTTP/1.1" 200 825
INFO 2025-10-22 00:45:06,016 basehttp 66977 6134018048 "GET /api/produit/categories/ HTTP/1.1" 200 635
INFO 2025-10-22 00:45:34,477 basehttp 66977 6150844416 "GET /api/produit/categories/ HTTP/1.1" 200 635
INFO 2025-10-22 00:45:34,477 basehttp 66977 6134018048 "GET /api/produit/cities/ HTTP/1.1" 200 825
INFO 2025-10-22 00:46:07,936 basehttp 66977 6150844416 "GET /api/produit/cities/ HTTP/1.1" 200 825
INFO 2025-10-22 00:46:07,936 basehttp 66977 6134018048 "GET /api/produit/categories/ HTTP/1.1" 200 635
INFO 2025-10-22 00:48:31,335 basehttp 66977 6134018048 "OPTIONS /api/produit/categories/ HTTP/1.1" 200 0
INFO 2025-10-22 00:48:31,336 basehttp 66977 6150844416 "OPTIONS /api/produit/cities/ HTTP/1.1" 200 0
INFO 2025-10-22 00:48:31,357 basehttp 66977 6134018048 "GET /api/produit/categories/ HTTP/1.1" 200 635
INFO 2025-10-22 00:48:31,357 basehttp 66977 6150844416 "GET /api/produit/cities/ HTTP/1.1" 200 825
INFO 2025-10-22 00:54:11,478 basehttp 66977 6134018048 "OPTIONS /produit/publicite/create/ HTTP/1.1" 200 0
WARNING 2025-10-22 00:54:11,494 log 66977 6134018048 Not Found: /produit/publicite/create/
WARNING 2025-10-22 00:54:11,499 basehttp 66977 6134018048 "POST /produit/publicite/create/ HTTP/1.1" 404 4046
INFO 2025-10-22 00:56:24,792 basehttp 66977 6134018048 "GET /admin/produit/advertisement/ HTTP/1.1" 200 22470
INFO 2025-10-22 00:56:24,801 basehttp 66977 6150844416 "GET /admin/jsi18n/ HTTP/1.1" 200 8634
INFO 2025-10-22 00:56:29,681 basehttp 66977 6150844416 "GET /admin/produit/advertisement/add/ HTTP/1.1" 200 30805
INFO 2025-10-22 00:56:29,698 basehttp 66977 6134018048 "GET /admin/jsi18n/ HTTP/1.1" 200 8634
INFO 2025-10-22 01:02:53,594 basehttp 66977 6134018048 "GET /api/produit/categories/ HTTP/1.1" 200 635
INFO 2025-10-22 01:09:08,122 autoreload 66977 8437539008 /Users/memouekone/projets/Emunie-Maket/EmunieBack/produit/admin.py changed, reloading.
INFO 2025-10-22 01:09:08,489 autoreload 70819 8437539008 Watching for file changes with StatReloader
INFO 2025-10-22 01:09:22,910 basehttp 70819 6135836672 "GET / HTTP/1.1" 200 4912
INFO 2025-10-22 01:09:23,075 basehttp 70819 6135836672 "GET /api/schema/ HTTP/1.1" 200 174500
INFO 2025-10-22 01:09:55,964 autoreload 70865 8437539008 Watching for file changes with StatReloader
INFO 2025-10-22 01:10:01,332 basehttp 70865 6157266944 "GET / HTTP/1.1" 200 4912
INFO 2025-10-22 01:10:01,421 basehttp 70865 6157266944 "GET /api/schema/ HTTP/1.1" 200 174500
INFO 2025-10-22 01:14:40,838 autoreload 70865 8437539008 /Users/memouekone/projets/Emunie-Maket/EmunieBack/EmunieBack/urls.py changed, reloading.
INFO 2025-10-22 01:14:41,204 autoreload 70941 8437539008 Watching for file changes with StatReloader
INFO 2025-10-22 01:24:25,124 autoreload 70941 8437539008 /Users/memouekone/projets/Emunie-Maket/EmunieBack/EmunieBack/settings.py changed, reloading.
INFO 2025-10-22 01:26:41,870 autoreload 71221 8437539008 Watching for file changes with StatReloader
INFO 2025-10-22 01:26:55,138 basehttp 71221 6124597248 "GET / HTTP/1.1" 200 4912
INFO 2025-10-22 01:26:55,320 basehttp 71221 6124597248 "GET /api/schema/ HTTP/1.1" 200 185345
INFO 2025-10-22 01:29:26,620 basehttp 71221 6124597248 "OPTIONS /api/publicite/create/ HTTP/1.1" 200 0
ERROR 2025-10-22 01:29:26,889 log 71221 6124597248 Internal Server Error: /api/publicite/create/
Traceback (most recent call last):
  File "/Users/memouekone/projets/Emunie-Maket/EmunieBack/env/lib/python3.13/site-packages/django/core/handlers/exception.py", line 55, in inner
    response = get_response(request)
  File "/Users/memouekone/projets/Emunie-Maket/EmunieBack/env/lib/python3.13/site-packages/django/core/handlers/base.py", line 197, in _get_response
    response = wrapped_callback(request, *callback_args, **callback_kwargs)
  File "/Users/memouekone/projets/Emunie-Maket/EmunieBack/env/lib/python3.13/site-packages/django/views/decorators/csrf.py", line 65, in _view_wrapper
    return view_func(request, *args, **kwargs)
  File "/Users/memouekone/projets/Emunie-Maket/EmunieBack/env/lib/python3.13/site-packages/django/views/generic/base.py", line 105, in view
    return self.dispatch(request, *args, **kwargs)
           ~~~~~~~~~~~~~^^^^^^^^^^^^^^^^^^^^^^^^^^
  File "/Users/memouekone/projets/Emunie-Maket/EmunieBack/env/lib/python3.13/site-packages/rest_framework/views.py", line 515, in dispatch
    response = self.handle_exception(exc)
  File "/Users/memouekone/projets/Emunie-Maket/EmunieBack/env/lib/python3.13/site-packages/rest_framework/views.py", line 475, in handle_exception
    self.raise_uncaught_exception(exc)
    ~~~~~~~~~~~~~~~~~~~~~~~~~~~~~^^^^^
  File "/Users/memouekone/projets/Emunie-Maket/EmunieBack/env/lib/python3.13/site-packages/rest_framework/views.py", line 486, in raise_uncaught_exception
    raise exc
  File "/Users/memouekone/projets/Emunie-Maket/EmunieBack/env/lib/python3.13/site-packages/rest_framework/views.py", line 512, in dispatch
    response = handler(request, *args, **kwargs)
  File "/Users/memouekone/projets/Emunie-Maket/EmunieBack/env/lib/python3.13/site-packages/rest_framework/generics.py", line 194, in post
    return self.create(request, *args, **kwargs)
           ~~~~~~~~~~~^^^^^^^^^^^^^^^^^^^^^^^^^^
  File "/Users/memouekone/projets/Emunie-Maket/EmunieBack/env/lib/python3.13/site-packages/rest_framework/mixins.py", line 19, in create
    self.perform_create(serializer)
    ~~~~~~~~~~~~~~~~~~~^^^^^^^^^^^^
  File "/Users/memouekone/projets/Emunie-Maket/EmunieBack/produit/views.py", line 353, in perform_create
    advertisement = serializer.save(user=self.request.user)
  File "/Users/memouekone/projets/Emunie-Maket/EmunieBack/env/lib/python3.13/site-packages/rest_framework/serializers.py", line 210, in save
    self.instance = self.create(validated_data)
                    ~~~~~~~~~~~^^^^^^^^^^^^^^^^
  File "/Users/memouekone/projets/Emunie-Maket/EmunieBack/produit/serializers.py", line 245, in create
    duration_hours = validated_data['duration_hours']
                     ~~~~~~~~~~~~~~^^^^^^^^^^^^^^^^^^
KeyError: 'duration_hours'
ERROR 2025-10-22 01:29:26,890 basehttp 71221 6124597248 "POST /api/publicite/create/ HTTP/1.1" 500 116482
INFO 2025-10-22 01:31:56,152 autoreload 71221 8437539008 /Users/memouekone/projets/Emunie-Maket/EmunieBack/EmunieBack/settings.py changed, reloading.
INFO 2025-10-22 01:31:56,600 autoreload 71328 8437539008 Watching for file changes with StatReloader
ERROR 2025-10-22 01:32:30,402 log 71328 6160887808 Internal Server Error: /api/publicite/create/
Traceback (most recent call last):
  File "/Users/memouekone/projets/Emunie-Maket/EmunieBack/env/lib/python3.13/site-packages/django/core/handlers/exception.py", line 55, in inner
    response = get_response(request)
  File "/Users/memouekone/projets/Emunie-Maket/EmunieBack/env/lib/python3.13/site-packages/django/core/handlers/base.py", line 197, in _get_response
    response = wrapped_callback(request, *callback_args, **callback_kwargs)
  File "/Users/memouekone/projets/Emunie-Maket/EmunieBack/env/lib/python3.13/site-packages/django/views/decorators/csrf.py", line 65, in _view_wrapper
    return view_func(request, *args, **kwargs)
  File "/Users/memouekone/projets/Emunie-Maket/EmunieBack/env/lib/python3.13/site-packages/django/views/generic/base.py", line 105, in view
    return self.dispatch(request, *args, **kwargs)
           ~~~~~~~~~~~~~^^^^^^^^^^^^^^^^^^^^^^^^^^
  File "/Users/memouekone/projets/Emunie-Maket/EmunieBack/env/lib/python3.13/site-packages/rest_framework/views.py", line 515, in dispatch
    response = self.handle_exception(exc)
  File "/Users/memouekone/projets/Emunie-Maket/EmunieBack/env/lib/python3.13/site-packages/rest_framework/views.py", line 475, in handle_exception
    self.raise_uncaught_exception(exc)
    ~~~~~~~~~~~~~~~~~~~~~~~~~~~~~^^^^^
  File "/Users/memouekone/projets/Emunie-Maket/EmunieBack/env/lib/python3.13/site-packages/rest_framework/views.py", line 486, in raise_uncaught_exception
    raise exc
  File "/Users/memouekone/projets/Emunie-Maket/EmunieBack/env/lib/python3.13/site-packages/rest_framework/views.py", line 512, in dispatch
    response = handler(request, *args, **kwargs)
  File "/Users/memouekone/projets/Emunie-Maket/EmunieBack/env/lib/python3.13/site-packages/rest_framework/generics.py", line 194, in post
    return self.create(request, *args, **kwargs)
           ~~~~~~~~~~~^^^^^^^^^^^^^^^^^^^^^^^^^^
  File "/Users/memouekone/projets/Emunie-Maket/EmunieBack/env/lib/python3.13/site-packages/rest_framework/mixins.py", line 19, in create
    self.perform_create(serializer)
    ~~~~~~~~~~~~~~~~~~~^^^^^^^^^^^^
  File "/Users/memouekone/projets/Emunie-Maket/EmunieBack/produit/views.py", line 353, in perform_create
    advertisement = serializer.save(user=self.request.user)
  File "/Users/memouekone/projets/Emunie-Maket/EmunieBack/env/lib/python3.13/site-packages/rest_framework/serializers.py", line 210, in save
    self.instance = self.create(validated_data)
                    ~~~~~~~~~~~^^^^^^^^^^^^^^^^
  File "/Users/memouekone/projets/Emunie-Maket/EmunieBack/produit/serializers.py", line 245, in create
    duration_hours = validated_data['duration_hours']
                     ~~~~~~~~~~~~~~^^^^^^^^^^^^^^^^^^
KeyError: 'duration_hours'
ERROR 2025-10-22 01:32:30,403 basehttp 71328 6160887808 "POST /api/publicite/create/ HTTP/1.1" 500 116482
INFO 2025-10-22 01:42:37,448 autoreload 71328 8437539008 /Users/memouekone/projets/Emunie-Maket/EmunieBack/produit/serializers.py changed, reloading.
INFO 2025-10-22 01:42:37,827 autoreload 71534 8437539008 Watching for file changes with StatReloader
INFO 2025-10-22 01:42:46,799 basehttp 71534 6167146496 "OPTIONS /api/publicite/create/ HTTP/1.1" 200 0
WARNING 2025-10-22 01:42:46,885 log 71534 6167146496 Bad Request: /api/publicite/create/
WARNING 2025-10-22 01:42:46,885 basehttp 71534 6167146496 "POST /api/publicite/create/ HTTP/1.1" 400 41
WARNING 2025-10-22 01:43:19,584 log 71534 6167146496 Bad Request: /api/publicite/create/
WARNING 2025-10-22 01:43:19,584 basehttp 71534 6167146496 "POST /api/publicite/create/ HTTP/1.1" 400 97
INFO 2025-10-22 01:44:07,304 basehttp 71534 13035925504 "OPTIONS /api/auth/login/ HTTP/1.1" 200 0
INFO 2025-10-22 01:44:07,543 basehttp 71534 13035925504 "POST /api/auth/login/ HTTP/1.1" 200 514
WARNING 2025-10-22 01:44:54,852 log 71534 13035925504 Bad Request: /api/publicite/create/
WARNING 2025-10-22 01:44:54,853 basehttp 71534 13035925504 "POST /api/publicite/create/ HTTP/1.1" 400 121
WARNING 2025-10-22 01:45:37,239 log 71534 13052751872 Bad Request: /api/publicite/create/
WARNING 2025-10-22 01:45:37,239 basehttp 71534 13052751872 "POST /api/publicite/create/ HTTP/1.1" 400 121
WARNING 2025-10-22 01:49:30,551 log 71534 6167146496 Bad Request: /api/publicite/create/
WARNING 2025-10-22 01:49:30,552 basehttp 71534 6167146496 "POST /api/publicite/create/ HTTP/1.1" 400 41
INFO 2025-10-22 16:24:45,226 basehttp 71534 6167146496 "OPTIONS /api/produit/categories/ HTTP/1.1" 200 0
INFO 2025-10-22 16:24:45,227 basehttp 71534 13035925504 "OPTIONS /api/produit/cities/ HTTP/1.1" 200 0
INFO 2025-10-22 16:24:45,243 basehttp 71534 13035925504 "GET /api/produit/cities/ HTTP/1.1" 200 825
INFO 2025-10-22 16:24:45,243 basehttp 71534 6167146496 "GET /api/produit/categories/ HTTP/1.1" 200 635
INFO 2025-10-22 16:25:39,722 basehttp 71534 13035925504 "GET /api/produit/cities/ HTTP/1.1" 200 825
INFO 2025-10-22 16:25:39,722 basehttp 71534 6167146496 "GET /api/produit/categories/ HTTP/1.1" 200 635
INFO 2025-10-22 16:29:14,685 basehttp 71534 13035925504 "GET /api/produit/cities/ HTTP/1.1" 200 825
INFO 2025-10-22 16:29:14,685 basehttp 71534 6167146496 "GET /api/produit/categories/ HTTP/1.1" 200 635
INFO 2025-10-22 16:29:20,210 basehttp 71534 13035925504 "GET /api/produit/categories/ HTTP/1.1" 200 635
INFO 2025-10-22 16:29:20,210 basehttp 71534 6167146496 "GET /api/produit/cities/ HTTP/1.1" 200 825
INFO 2025-10-22 16:33:42,277 basehttp 71534 6167146496 "GET /api/produit/categories/ HTTP/1.1" 200 635
INFO 2025-10-22 16:33:42,277 basehttp 71534 13035925504 "GET /api/produit/cities/ HTTP/1.1" 200 825
INFO 2025-10-22 16:34:54,865 basehttp 71534 6167146496 "OPTIONS /api/produit/categories/ HTTP/1.1" 200 0
INFO 2025-10-22 16:34:54,867 basehttp 71534 13035925504 "OPTIONS /api/produit/cities/ HTTP/1.1" 200 0
INFO 2025-10-22 16:34:54,872 basehttp 71534 6167146496 "GET /api/produit/categories/ HTTP/1.1" 200 635
INFO 2025-10-22 16:34:54,872 basehttp 71534 13035925504 "GET /api/produit/cities/ HTTP/1.1" 200 825
INFO 2025-10-22 16:38:01,196 basehttp 71534 13035925504 "GET /api/produit/cities/ HTTP/1.1" 200 825
INFO 2025-10-22 16:38:01,196 basehttp 71534 6167146496 "GET /api/produit/categories/ HTTP/1.1" 200 635
INFO 2025-10-22 17:27:52,508 basehttp 71534 6167146496 "OPTIONS /api//categories/ HTTP/1.1" 200 0
INFO 2025-10-22 17:27:52,508 basehttp 71534 13035925504 "OPTIONS /api//cities/ HTTP/1.1" 200 0
WARNING 2025-10-22 17:27:52,525 log 71534 6167146496 Not Found: /api//categories/
WARNING 2025-10-22 17:27:52,529 log 71534 13035925504 Not Found: /api//cities/
WARNING 2025-10-22 17:27:52,530 basehttp 71534 6167146496 "GET /api//categories/ HTTP/1.1" 404 4160
WARNING 2025-10-22 17:27:52,530 basehttp 71534 13035925504 "GET /api//cities/ HTTP/1.1" 404 4148
INFO 2025-10-22 17:27:57,344 basehttp 71534 13052751872 "GET / HTTP/1.1" 200 4912
INFO 2025-10-22 17:27:57,518 basehttp 71534 13052751872 "GET /api/schema/ HTTP/1.1" 200 185345
INFO 2025-10-22 17:30:05,670 autoreload 71534 8437539008 /Users/memouekone/projets/Emunie-Maket/EmunieBack/produit/urls.py changed, reloading.
INFO 2025-10-22 17:30:06,056 autoreload 73108 8437539008 Watching for file changes with StatReloader
INFO 2025-10-22 17:30:08,322 basehttp 73108 6189117440 "GET / HTTP/1.1" 200 4912
INFO 2025-10-22 17:30:08,469 basehttp 73108 6189117440 "GET /api/schema/ HTTP/1.1" 200 174402
WARNING 2025-10-22 17:36:07,184 log 73108 13186969600 Not Found: /api//cities/
WARNING 2025-10-22 17:36:07,184 log 73108 13170143232 Not Found: /api//categories/
WARNING 2025-10-22 17:36:07,185 basehttp 73108 13186969600 "GET /api//cities/ HTTP/1.1" 404 4148
WARNING 2025-10-22 17:36:07,185 basehttp 73108 13170143232 "GET /api//categories/ HTTP/1.1" 404 4160
INFO 2025-10-22 17:38:41,557 basehttp 73108 13304360960 "OPTIONS /api/produit/categories/ HTTP/1.1" 200 0
INFO 2025-10-22 17:38:41,570 basehttp 73108 13321187328 "OPTIONS /api/produit/cities/ HTTP/1.1" 200 0
INFO 2025-10-22 17:38:41,574 basehttp 73108 13304360960 "GET /api/produit/categories/ HTTP/1.1" 200 635
INFO 2025-10-22 17:38:41,575 basehttp 73108 13321187328 "GET /api/produit/cities/ HTTP/1.1" 200 825
INFO 2025-10-22 17:39:26,180 basehttp 73108 13304360960 "OPTIONS /api/produit/ads/create/ HTTP/1.1" 200 0
WARNING 2025-10-22 17:39:26,201 log 73108 13304360960 Bad Request: /api/produit/ads/create/
WARNING 2025-10-22 17:39:26,201 basehttp 73108 13304360960 "POST /api/produit/ads/create/ HTTP/1.1" 400 75
